<?xml version="1.0" encoding="UTF-8"?>
<testsuite xmlns:xsi="http://www.w3.org/2001/XMLSchema-instance" xsi:noNamespaceSchemaLocation="https://maven.apache.org/surefire/maven-surefire-plugin/xsd/surefire-test-report-3.0.xsd" version="3.0" name="TestSuite" time="132.505" tests="4" errors="0" skipped="0" failures="4">
  <properties>
[...]
</properties>
  <testcase name="testChrome1" classname="LambdaTest" time="32.864">
    <failure message="java.lang.reflect.InvocationTargetException&#10;Build info: version: &apos;3.141.59&apos;, revision: &apos;e82be7d358&apos;, time: &apos;2018-11-14T08:17:03&apos;&#10;System info: host: &apos;ws-5161129e-3b52-47c1-ab7d-d8bd34934305&apos;, ip: &apos;192.168.63.238&apos;, os.name: &apos;Linux&apos;, os.arch: &apos;amd64&apos;, os.version: &apos;5.13.0-1007-gcp&apos;, java.version: &apos;11.0.13&apos;&#10;Driver info: driver.version: RemoteWebDriver" type="org.openqa.selenium.json.JsonException">org.openqa.selenium.json.JsonException: 
java.lang.reflect.InvocationTargetException
Build info: version: '3.141.59', revision: 'e82be7d358', time: '2018-11-14T08:17:03'
System info: host: 'ws-5161129e-3b52-47c1-ab7d-d8bd34934305', ip: '192.168.63.238', os.name: 'Linux', os.arch: 'amd64', os.version: '5.13.0-1007-gcp', java.version: '11.0.13'
Driver info: driver.version: RemoteWebDriver
	at LambdaTest.testChrome1(LambdaTest.java:65)
Caused by: java.lang.reflect.InvocationTargetException
	at LambdaTest.testChrome1(LambdaTest.java:65)
Caused by: org.openqa.selenium.NoSuchElementException: 
Timed out after 2 seconds. Element not found
For documentation on this error, please visit: https://www.seleniumhq.org/exceptions/no_such_element.html
Build info: version: '3.141.59', revision: 'e82be7d358', time: '2018-11-14T08:17:03'
System info: host: 'ws-5161129e-3b52-47c1-ab7d-d8bd34934305', ip: '192.168.63.238', os.name: 'Linux', os.arch: 'amd64', os.version: '5.13.0-1007-gcp', java.version: '11.0.13'
Driver info: driver.version: RemoteWebDriver
	at LambdaTest.testChrome1(LambdaTest.java:65)
</failure>
    <system-out><![CDATA[[TestNGContentHandler] [WARN] It is strongly recommended to add "<!DOCTYPE suite SYSTEM "https://testng.org/testng-1.0.dtd" >" at the top of your file, otherwise TestNG may fail or not work as expected.
]]></system-out>
    <system-err><![CDATA[SLF4J: Class path contains multiple SLF4J bindings.
SLF4J: Found binding in [jar:file:/workspace/m2-repository/org/slf4j/slf4j-log4j12/1.7.5/slf4j-log4j12-1.7.5.jar!/org/slf4j/impl/StaticLoggerBinder.class]
SLF4J: Found binding in [jar:file:/workspace/m2-repository/org/slf4j/slf4j-jdk14/1.5.3/slf4j-jdk14-1.5.3.jar!/org/slf4j/impl/StaticLoggerBinder.class]
SLF4J: See http://www.slf4j.org/codes.html#multiple_bindings for an explanation.
SLF4J: Actual binding is of type [org.slf4j.impl.Log4jLoggerFactory]
log4j:WARN No appenders could be found for logger (net.thucydides.core.util.PropertiesFileLocalPreferences).
log4j:WARN Please initialize the log4j system properly.
log4j:WARN See http://logging.apache.org/log4j/1.2/faq.html#noconfig for more info.
Dec 11, 2021 5:56:54 PM org.openqa.selenium.remote.ProtocolHandshake createSession
INFO: Detected dialect: W3C
]]></system-err>
  </testcase>
  <testcase name="testChrome1" classname="LambdaTest" time="37.412">
    <failure message="java.lang.reflect.InvocationTargetException&#10;Build info: version: &apos;3.141.59&apos;, revision: &apos;e82be7d358&apos;, time: &apos;2018-11-14T08:17:03&apos;&#10;System info: host: &apos;ws-5161129e-3b52-47c1-ab7d-d8bd34934305&apos;, ip: &apos;192.168.63.238&apos;, os.name: &apos;Linux&apos;, os.arch: &apos;amd64&apos;, os.version: &apos;5.13.0-1007-gcp&apos;, java.version: &apos;11.0.13&apos;&#10;Driver info: driver.version: RemoteWebDriver" type="org.openqa.selenium.json.JsonException">org.openqa.selenium.json.JsonException: 
java.lang.reflect.InvocationTargetException
Build info: version: '3.141.59', revision: 'e82be7d358', time: '2018-11-14T08:17:03'
System info: host: 'ws-5161129e-3b52-47c1-ab7d-d8bd34934305', ip: '192.168.63.238', os.name: 'Linux', os.arch: 'amd64', os.version: '5.13.0-1007-gcp', java.version: '11.0.13'
Driver info: driver.version: RemoteWebDriver
	at LambdaTest.testChrome1(LambdaTest.java:65)
Caused by: java.lang.reflect.InvocationTargetException
	at LambdaTest.testChrome1(LambdaTest.java:65)
Caused by: org.openqa.selenium.NoSuchElementException: 
Timed out after 2 seconds. Element not found
For documentation on this error, please visit: https://www.seleniumhq.org/exceptions/no_such_element.html
Build info: version: '3.141.59', revision: 'e82be7d358', time: '2018-11-14T08:17:03'
System info: host: 'ws-5161129e-3b52-47c1-ab7d-d8bd34934305', ip: '192.168.63.238', os.name: 'Linux', os.arch: 'amd64', os.version: '5.13.0-1007-gcp', java.version: '11.0.13'
Driver info: driver.version: RemoteWebDriver
	at LambdaTest.testChrome1(LambdaTest.java:65)
</failure>
    <system-err><![CDATA[Dec 11, 2021 5:57:29 PM org.openqa.selenium.remote.ProtocolHandshake createSession
INFO: Detected dialect: W3C
]]></system-err>
  </testcase>
  <testcase name="testChrome1" classname="LambdaTest" time="30.317">
    <failure message="java.lang.reflect.InvocationTargetException&#10;Build info: version: &apos;3.141.59&apos;, revision: &apos;e82be7d358&apos;, time: &apos;2018-11-14T08:17:03&apos;&#10;System info: host: &apos;ws-5161129e-3b52-47c1-ab7d-d8bd34934305&apos;, ip: &apos;192.168.63.238&apos;, os.name: &apos;Linux&apos;, os.arch: &apos;amd64&apos;, os.version: &apos;5.13.0-1007-gcp&apos;, java.version: &apos;11.0.13&apos;&#10;Driver info: driver.version: RemoteWebDriver" type="org.openqa.selenium.json.JsonException">org.openqa.selenium.json.JsonException: 
java.lang.reflect.InvocationTargetException
Build info: version: '3.141.59', revision: 'e82be7d358', time: '2018-11-14T08:17:03'
System info: host: 'ws-5161129e-3b52-47c1-ab7d-d8bd34934305', ip: '192.168.63.238', os.name: 'Linux', os.arch: 'amd64', os.version: '5.13.0-1007-gcp', java.version: '11.0.13'
Driver info: driver.version: RemoteWebDriver
	at LambdaTest.testChrome1(LambdaTest.java:65)
Caused by: java.lang.reflect.InvocationTargetException
	at LambdaTest.testChrome1(LambdaTest.java:65)
Caused by: org.openqa.selenium.NoSuchElementException: 
Timed out after 2 seconds. Element not found
For documentation on this error, please visit: https://www.seleniumhq.org/exceptions/no_such_element.html
Build info: version: '3.141.59', revision: 'e82be7d358', time: '2018-11-14T08:17:03'
System info: host: 'ws-5161129e-3b52-47c1-ab7d-d8bd34934305', ip: '192.168.63.238', os.name: 'Linux', os.arch: 'amd64', os.version: '5.13.0-1007-gcp', java.version: '11.0.13'
Driver info: driver.version: RemoteWebDriver
	at LambdaTest.testChrome1(LambdaTest.java:65)
</failure>
    <system-err><![CDATA[Dec 11, 2021 5:58:05 PM org.openqa.selenium.remote.ProtocolHandshake createSession
INFO: Detected dialect: W3C
]]></system-err>
  </testcase>
  <testcase name="testChrome1" classname="LambdaTest" time="29.74">
    <failure message="java.lang.reflect.InvocationTargetException&#10;Build info: version: &apos;3.141.59&apos;, revision: &apos;e82be7d358&apos;, time: &apos;2018-11-14T08:17:03&apos;&#10;System info: host: &apos;ws-5161129e-3b52-47c1-ab7d-d8bd34934305&apos;, ip: &apos;192.168.63.238&apos;, os.name: &apos;Linux&apos;, os.arch: &apos;amd64&apos;, os.version: &apos;5.13.0-1007-gcp&apos;, java.version: &apos;11.0.13&apos;&#10;Driver info: driver.version: RemoteWebDriver" type="org.openqa.selenium.json.JsonException">org.openqa.selenium.json.JsonException: 
java.lang.reflect.InvocationTargetException
Build info: version: '3.141.59', revision: 'e82be7d358', time: '2018-11-14T08:17:03'
System info: host: 'ws-5161129e-3b52-47c1-ab7d-d8bd34934305', ip: '192.168.63.238', os.name: 'Linux', os.arch: 'amd64', os.version: '5.13.0-1007-gcp', java.version: '11.0.13'
Driver info: driver.version: RemoteWebDriver
	at LambdaTest.testChrome1(LambdaTest.java:65)
Caused by: java.lang.reflect.InvocationTargetException
	at LambdaTest.testChrome1(LambdaTest.java:65)
Caused by: org.openqa.selenium.NoSuchElementException: 
Timed out after 2 seconds. Element not found
For documentation on this error, please visit: https://www.seleniumhq.org/exceptions/no_such_element.html
Build info: version: '3.141.59', revision: 'e82be7d358', time: '2018-11-14T08:17:03'
System info: host: 'ws-5161129e-3b52-47c1-ab7d-d8bd34934305', ip: '192.168.63.238', os.name: 'Linux', os.arch: 'amd64', os.version: '5.13.0-1007-gcp', java.version: '11.0.13'
Driver info: driver.version: RemoteWebDriver
	at LambdaTest.testChrome1(LambdaTest.java:65)
</failure>
    <system-err><![CDATA[Dec 11, 2021 5:58:34 PM org.openqa.selenium.remote.ProtocolHandshake createSession
INFO: Detected dialect: W3C
]]></system-err>
  </testcase>
</testsuite>